<?xml version="1.0" encoding="UTF-8"?>
<!-- Generated by org.testng.reporters.JUnitReportReporter -->
<testsuite hostname="eHA-NG-SOFT-KAINE" failures="0" tests="1" name="wealthng.testpayment$paid" time="79.191" errors="0" timestamp="2020-12-22T14:25:38 WAT" skipped="0">
  <testcase classname="wealthng.testpayment$paid" name="validateAccountFunding" time="79.191"/>
  <system-out/>
</testsuite> <!-- wealthng.testpayment$paid -->
