<?xml version="1.0" encoding="UTF-8"?>
<!-- Generated by org.testng.reporters.JUnitReportReporter -->
<testsuite hostname="eHA-NG-SOFT-KAINE" failures="0" tests="1" name="wealthng.login" time="30.509" errors="0" timestamp="2020-12-26T17:51:00 WAT" skipped="0">
  <testcase classname="wealthng.login" name="validateLogin" time="30.509"/>
  <system-out/>
</testsuite> <!-- wealthng.login -->
