<?xml version="1.0" encoding="UTF-8"?>
<!-- Generated by org.testng.reporters.JUnitReportReporter -->
<testsuite hostname="eHA-NG-SOFT-KAINE" failures="0" tests="1" name="wealthng.accountFunding" time="22.196" errors="0" timestamp="2020-12-20T22:23:28 WAT" skipped="0">
  <testcase classname="wealthng.accountFunding" name="validateAccountFunding" time="22.196"/>
  <system-out/>
</testsuite> <!-- wealthng.accountFunding -->
