<?xml version="1.0" encoding="UTF-8"?>
<!-- Generated by org.testng.reporters.JUnitReportReporter -->
<testsuite hostname="eHA-NG-SOFT-KAINE" failures="0" tests="1" name="wealthng.investmentFixedIncome" time="43.936" errors="0" timestamp="2020-12-22T21:41:26 WAT" skipped="0">
  <testcase classname="wealthng.investmentFixedIncome" name="validateInvestmentFixedIncome" time="43.936"/>
  <system-out/>
</testsuite> <!-- wealthng.investmentFixedIncome -->
