<?xml version="1.0" encoding="UTF-8"?>
<!-- Generated by org.testng.reporters.JUnitReportReporter -->
<testsuite hostname="eHA-NG-SOFT-KAINE" failures="0" tests="1" name="wealthng.bvn" time="32.528" errors="0" timestamp="2020-12-26T17:51:00 WAT" skipped="0">
  <testcase classname="wealthng.bvn" name="validateBVN" time="32.528"/>
  <system-out/>
</testsuite> <!-- wealthng.bvn -->
